  DrawMap.cpp
  Executing.cpp
  Generating Code...
C:\Divinity\Projects\Life-Game-\Divine Engine\Executing.cpp(39,69): warning C4267: 'argument': conversion from 'size_t' to 'unsigned int', possible loss of data
C:\Divinity\Projects\Life-Game-\Divine Engine\Executing.cpp(39,49): warning C4267: 'argument': conversion from 'size_t' to 'unsigned int', possible loss of data
C:\Divinity\Projects\Life-Game-\Divine Engine\Executing.cpp(53,44): warning C4267: 'argument': conversion from 'size_t' to 'int', possible loss of data
C:\Divinity\Projects\Life-Game-\Divine Engine\Executing.cpp(53,37): warning C4267: 'argument': conversion from 'size_t' to 'int', possible loss of data
C:\Divinity\Projects\Life-Game-\Divine Engine\Executing.cpp(63,79): warning C4244: 'argument': conversion from 'size_t' to 'T', possible loss of data
C:\Divinity\Projects\Life-Game-\Divine Engine\Executing.cpp(63,79): warning C4244:         with
C:\Divinity\Projects\Life-Game-\Divine Engine\Executing.cpp(63,79): warning C4244:         [
C:\Divinity\Projects\Life-Game-\Divine Engine\Executing.cpp(63,79): warning C4244:             T=float
C:\Divinity\Projects\Life-Game-\Divine Engine\Executing.cpp(63,79): warning C4244:         ]
C:\Divinity\Projects\Life-Game-\Divine Engine\Executing.cpp(63,64): warning C4244: 'argument': conversion from 'size_t' to 'T', possible loss of data
C:\Divinity\Projects\Life-Game-\Divine Engine\Executing.cpp(63,64): warning C4244:         with
C:\Divinity\Projects\Life-Game-\Divine Engine\Executing.cpp(63,64): warning C4244:         [
C:\Divinity\Projects\Life-Game-\Divine Engine\Executing.cpp(63,64): warning C4244:             T=float
C:\Divinity\Projects\Life-Game-\Divine Engine\Executing.cpp(63,64): warning C4244:         ]
C:\Divinity\Projects\Life-Game-\Divine Engine\Executing.cpp(64,51): warning C4244: 'argument': conversion from 'size_t' to 'float', possible loss of data
C:\Divinity\Projects\Life-Game-\Divine Engine\Executing.cpp(64,36): warning C4244: 'argument': conversion from 'size_t' to 'float', possible loss of data
  Divine Engine.vcxproj -> C:\Divinity\Projects\Life-Game-\x64\Debug\Divine Engine.exe
